<?xml version="1.0" encoding="UTF-8"?>
<!-- Generated by org.testng.reporters.JUnitReportReporter -->
<testsuite hostname="LTIN183367" failures="0" tests="5" name="CASpro.Cas_Project" time="16.768" errors="0" timestamp="2024-03-15T16:26:18 IST" skipped="0">
  <testcase classname="CASpro.Cas_Project" name="userInformation" time="4.814"/>
  <testcase classname="CASpro.Cas_Project" name="getHeader" time="0.159"/>
  <testcase classname="CASpro.Cas_Project" name="getSubHeader" time="0.109"/>
  <testcase classname="CASpro.Cas_Project" name="corporateFunction" time="6.311"/>
  <testcase classname="CASpro.Cas_Project" name="resourceLink" time="5.375"/>
</testsuite> <!-- CASpro.Cas_Project -->
